<?xml version="1.0" encoding="UTF-8"?>
<!-- Generated by org.testng.reporters.JUnitReportReporter -->
<testsuite hostname="Tom" failures="0" tests="4" name="Testcases.ExcelData" time="42.218" errors="0" timestamp="2023-06-22T13:49:21 IST" skipped="0">
  <testcase classname="Testcases.ExcelData" name="logintest" time="14.697"/>
  <system-out/>
  <testcase classname="Testcases.ExcelData" name="logintest" time="12.756"/>
  <system-out/>
  <testcase classname="Testcases.ExcelData" name="logintest" time="7.645"/>
  <system-out/>
  <testcase classname="Testcases.ExcelData" name="logintest" time="7.120"/>
  <system-out/>
</testsuite> <!-- Testcases.ExcelData -->
