<?xml version="1.0" encoding="UTF-8"?>
<!-- Generated by org.testng.reporters.JUnitReportReporter -->
<testsuite hostname="Tom" failures="0" tests="1" name="Testcases.ReadDataFromXLSheet" time="0.566" errors="0" timestamp="2023-06-17T08:29:44 IST" skipped="0">
  <testcase classname="Testcases.ReadDataFromXLSheet" name="test1" time="0.566"/>
  <system-out/>
</testsuite> <!-- Testcases.ReadDataFromXLSheet -->
