<?xml version="1.0" encoding="UTF-8"?>
<!-- Generated by org.testng.reporters.JUnitReportReporter -->
<testsuite hostname="Tom" failures="0" tests="4" name="Testcases.LoginUsingDataProvider" time="59.804" errors="0" timestamp="2023-06-15T14:38:38 IST" skipped="0">
  <testcase classname="Testcases.LoginUsingDataProvider" name="Login" time="12.361"/>
  <system-out/>
  <testcase classname="Testcases.LoginUsingDataProvider" name="Login" time="19.294"/>
  <system-out/>
  <testcase classname="Testcases.LoginUsingDataProvider" name="Login" time="15.579"/>
  <system-out/>
  <testcase classname="Testcases.LoginUsingDataProvider" name="Login" time="12.570"/>
  <system-out/>
</testsuite> <!-- Testcases.LoginUsingDataProvider -->
