<?xml version="1.0" encoding="UTF-8"?>
<!-- Generated by org.testng.reporters.JUnitReportReporter -->
<testsuite hostname="Tom" failures="0" tests="4" name="Testcases.XlDataLoginUsing_ChatGPT" time="33.849" errors="0" timestamp="2023-06-18T00:36:12 IST" skipped="0">
  <testcase classname="Testcases.XlDataLoginUsing_ChatGPT" name="testLogin" time="9.292"/>
  <system-out/>
  <testcase classname="Testcases.XlDataLoginUsing_ChatGPT" name="testLogin" time="8.731"/>
  <system-out/>
  <testcase classname="Testcases.XlDataLoginUsing_ChatGPT" name="testLogin" time="7.901"/>
  <system-out/>
  <testcase classname="Testcases.XlDataLoginUsing_ChatGPT" name="testLogin" time="7.925"/>
  <system-out/>
</testsuite> <!-- Testcases.XlDataLoginUsing_ChatGPT -->
