<?xml version="1.0" encoding="UTF-8"?>
<!-- Generated by org.testng.reporters.JUnitReportReporter -->
<testsuite hostname="Tom" failures="0" tests="4" name="Testcases.EasyAproach_ExcelData" time="68.387" errors="0" timestamp="2023-06-22T15:10:48 IST" skipped="0">
  <testcase classname="Testcases.EasyAproach_ExcelData" name="logintest" time="17.076"/>
  <system-out/>
  <testcase classname="Testcases.EasyAproach_ExcelData" name="logintest" time="16.715"/>
  <system-out/>
  <testcase classname="Testcases.EasyAproach_ExcelData" name="logintest" time="18.209"/>
  <system-out/>
  <testcase classname="Testcases.EasyAproach_ExcelData" name="logintest" time="16.387"/>
  <system-out/>
</testsuite> <!-- Testcases.EasyAproach_ExcelData -->
