<?xml version="1.0" encoding="UTF-8"?>
<!-- Generated by org.testng.reporters.JUnitReportReporter -->
<testsuite hostname="Tom" failures="0" tests="1" name="Testcases.UsernameOnlyCorrect" time="12.941" errors="0" timestamp="2023-06-15T14:19:40 IST" skipped="0">
  <testcase classname="Testcases.UsernameOnlyCorrect" name="test1" time="12.941"/>
  <system-out/>
</testsuite> <!-- Testcases.UsernameOnlyCorrect -->
